2026-03-27T13:21:41.241Z START frontend 2026-03-27T13-21-41
2026-03-27T13:21:45.542Z END   frontend 2026-03-27T13-21-41 $0.0000
2026-03-27T13:23:45.545Z START backend 2026-03-27T13-23-45
2026-03-27T13:23:49.860Z END   backend 2026-03-27T13-23-45 $0.0000
2026-03-27T13:25:49.861Z START ux-ui 2026-03-27T13-25-49
2026-03-27T13:25:53.944Z END   ux-ui 2026-03-27T13-25-49 $0.0000
2026-03-27T13:27:53.949Z START product 2026-03-27T13-27-53
2026-03-27T13:27:58.057Z END   product 2026-03-27T13-27-53 $0.0000
2026-03-27T13:30:02.283Z START marketing 2026-03-27T13-30-02
2026-03-27T13:30:06.639Z END   marketing 2026-03-27T13-30-02 $0.0000
2026-03-27T13:32:06.642Z START market 2026-03-27T13-32-06
2026-03-27T13:32:10.760Z END   market 2026-03-27T13-32-06 $0.0000
2026-03-27T13:34:10.762Z START security 2026-03-27T13-34-10
2026-03-27T13:34:14.982Z END   security 2026-03-27T13-34-10 $0.0000
2026-03-27T13:36:14.982Z START frontend 2026-03-27T13-36-14
2026-03-27T13:36:19.124Z END   frontend 2026-03-27T13-36-14 $0.0000
2026-03-27T13:38:19.129Z START backend 2026-03-27T13-38-19
2026-03-27T13:38:23.422Z END   backend 2026-03-27T13-38-19 $0.0000
2026-03-27T13:40:23.427Z START ux-ui 2026-03-27T13-40-23
2026-03-27T13:40:27.602Z END   ux-ui 2026-03-27T13-40-23 $0.0000
2026-03-27T13:42:27.603Z START product 2026-03-27T13-42-27
2026-03-27T13:42:31.747Z END   product 2026-03-27T13-42-27 $0.0000
2026-03-27T13:44:31.749Z START marketing 2026-03-27T13-44-31
2026-03-27T13:44:35.859Z END   marketing 2026-03-27T13-44-31 $0.0000
2026-03-27T13:46:35.864Z START market 2026-03-27T13-46-35
2026-03-27T13:46:40.068Z END   market 2026-03-27T13-46-35 $0.0000
2026-03-27T13:48:40.078Z START security 2026-03-27T13-48-40
2026-03-27T13:48:44.281Z END   security 2026-03-27T13-48-40 $0.0000
2026-03-27T13:50:44.284Z START frontend 2026-03-27T13-50-44
2026-03-27T13:50:48.478Z END   frontend 2026-03-27T13-50-44 $0.0000
2026-03-27T13:52:48.483Z START backend 2026-03-27T13-52-48
2026-03-27T13:52:52.647Z END   backend 2026-03-27T13-52-48 $0.0000
2026-03-27T13:54:52.651Z START ux-ui 2026-03-27T13-54-52
2026-03-27T13:54:56.811Z END   ux-ui 2026-03-27T13-54-52 $0.0000
2026-03-27T13:56:56.812Z START product 2026-03-27T13-56-56
2026-03-27T13:57:00.948Z END   product 2026-03-27T13-56-56 $0.0000
2026-03-27T13:59:00.951Z START marketing 2026-03-27T13-59-00
2026-03-27T13:59:05.116Z END   marketing 2026-03-27T13-59-00 $0.0000
2026-03-27T14:01:05.191Z START market 2026-03-27T14-01-05
2026-03-27T14:01:09.651Z END   market 2026-03-27T14-01-05 $0.0000
2026-03-27T14:03:09.659Z START security 2026-03-27T14-03-09
2026-03-27T14:03:13.871Z END   security 2026-03-27T14-03-09 $0.0000
2026-03-27T14:05:13.878Z START frontend 2026-03-27T14-05-13
2026-03-27T14:05:18.143Z END   frontend 2026-03-27T14-05-13 $0.0000
2026-03-27T14:07:18.152Z START backend 2026-03-27T14-07-18
2026-03-27T14:07:22.449Z END   backend 2026-03-27T14-07-18 $0.0000
2026-03-27T14:09:22.456Z START ux-ui 2026-03-27T14-09-22
2026-03-27T14:09:26.596Z END   ux-ui 2026-03-27T14-09-22 $0.0000
2026-03-27T14:11:26.603Z START product 2026-03-27T14-11-26
2026-03-27T14:11:30.730Z END   product 2026-03-27T14-11-26 $0.0000
2026-03-27T14:13:30.738Z START marketing 2026-03-27T14-13-30
2026-03-27T14:13:35.166Z END   marketing 2026-03-27T14-13-30 $0.0000
2026-03-27T14:15:35.174Z START market 2026-03-27T14-15-35
2026-03-27T14:15:39.237Z END   market 2026-03-27T14-15-35 $0.0000
2026-03-27T14:17:39.242Z START security 2026-03-27T14-17-39
2026-03-27T14:17:43.363Z END   security 2026-03-27T14-17-39 $0.0000
2026-03-27T14:19:43.370Z START frontend 2026-03-27T14-19-43
2026-03-27T14:19:47.446Z END   frontend 2026-03-27T14-19-43 $0.0000
2026-03-27T14:21:47.455Z START backend 2026-03-27T14-21-47
2026-03-27T14:21:51.526Z END   backend 2026-03-27T14-21-47 $0.0000
2026-03-27T14:23:51.534Z START ux-ui 2026-03-27T14-23-51
2026-03-27T14:23:55.701Z END   ux-ui 2026-03-27T14-23-51 $0.0000
2026-03-27T14:25:55.709Z START product 2026-03-27T14-25-55
2026-03-27T14:25:59.906Z END   product 2026-03-27T14-25-55 $0.0000
2026-03-27T14:27:59.917Z START marketing 2026-03-27T14-27-59
2026-03-27T14:28:04.098Z END   marketing 2026-03-27T14-27-59 $0.0000
2026-03-27T14:30:04.107Z START market 2026-03-27T14-30-04
2026-03-27T14:30:08.240Z END   market 2026-03-27T14-30-04 $0.0000
2026-03-27T14:32:08.248Z START security 2026-03-27T14-32-08
2026-03-27T14:32:12.335Z END   security 2026-03-27T14-32-08 $0.0000
2026-03-27T14:34:12.341Z START frontend 2026-03-27T14-34-12
2026-03-27T14:34:16.440Z END   frontend 2026-03-27T14-34-12 $0.0000
2026-03-27T14:36:16.447Z START backend 2026-03-27T14-36-16
2026-03-27T14:36:20.590Z END   backend 2026-03-27T14-36-16 $0.0000
2026-03-27T14:38:20.590Z START ux-ui 2026-03-27T14-38-20
2026-03-27T14:38:24.814Z END   ux-ui 2026-03-27T14-38-20 $0.0000
2026-03-27T14:40:24.822Z START product 2026-03-27T14-40-24
2026-03-27T14:40:28.884Z END   product 2026-03-27T14-40-24 $0.0000
2026-03-27T14:42:28.893Z START marketing 2026-03-27T14-42-28
2026-03-27T14:42:33.040Z END   marketing 2026-03-27T14-42-28 $0.0000
2026-03-27T14:44:33.046Z START market 2026-03-27T14-44-33
2026-03-27T14:44:37.371Z END   market 2026-03-27T14-44-33 $0.0000
2026-03-27T14:46:37.378Z START security 2026-03-27T14-46-37
2026-03-27T14:46:41.610Z END   security 2026-03-27T14-46-37 $0.0000
2026-03-27T14:48:41.619Z START frontend 2026-03-27T14-48-41
2026-03-27T14:48:45.741Z END   frontend 2026-03-27T14-48-41 $0.0000
2026-03-27T14:50:45.749Z START backend 2026-03-27T14-50-45
2026-03-27T14:50:49.932Z END   backend 2026-03-27T14-50-45 $0.0000
2026-03-27T14:52:49.938Z START ux-ui 2026-03-27T14-52-49
2026-03-27T14:52:54.020Z END   ux-ui 2026-03-27T14-52-49 $0.0000
2026-03-27T14:54:54.027Z START product 2026-03-27T14-54-54
2026-03-27T14:54:58.138Z END   product 2026-03-27T14-54-54 $0.0000
2026-03-27T14:56:58.146Z START marketing 2026-03-27T14-56-58
2026-03-27T14:57:02.347Z END   marketing 2026-03-27T14-56-58 $0.0000
2026-03-27T14:59:02.356Z START market 2026-03-27T14-59-02
2026-03-27T14:59:06.488Z END   market 2026-03-27T14-59-02 $0.0000
2026-03-27T15:01:06.496Z START security 2026-03-27T15-01-06
2026-03-27T15:01:10.694Z END   security 2026-03-27T15-01-06 $0.0000
2026-03-27T15:03:10.702Z START frontend 2026-03-27T15-03-10
2026-03-27T15:03:14.771Z END   frontend 2026-03-27T15-03-10 $0.0000
2026-03-27T15:05:14.779Z START backend 2026-03-27T15-05-14
2026-03-27T15:05:19.070Z END   backend 2026-03-27T15-05-14 $0.0000
2026-03-27T15:07:19.079Z START ux-ui 2026-03-27T15-07-19
2026-03-27T15:07:23.206Z END   ux-ui 2026-03-27T15-07-19 $0.0000
2026-03-27T15:09:23.213Z START product 2026-03-27T15-09-23
2026-03-27T15:09:27.349Z END   product 2026-03-27T15-09-23 $0.0000
2026-03-27T15:11:27.358Z START marketing 2026-03-27T15-11-27
2026-03-27T15:11:31.724Z END   marketing 2026-03-27T15-11-27 $0.0000
2026-03-27T15:13:31.734Z START market 2026-03-27T15-13-31
2026-03-27T15:13:35.941Z END   market 2026-03-27T15-13-31 $0.0000
2026-03-27T15:15:35.949Z START security 2026-03-27T15-15-35
2026-03-27T15:15:40.076Z END   security 2026-03-27T15-15-35 $0.0000
2026-03-27T15:17:40.085Z START frontend 2026-03-27T15-17-40
2026-03-27T15:17:44.164Z END   frontend 2026-03-27T15-17-40 $0.0000
2026-03-27T15:19:44.172Z START backend 2026-03-27T15-19-44
2026-03-27T15:19:48.252Z END   backend 2026-03-27T15-19-44 $0.0000
2026-03-27T15:21:48.265Z START ux-ui 2026-03-27T15-21-48
2026-03-27T15:21:52.632Z END   ux-ui 2026-03-27T15-21-48 $0.0000
2026-03-27T15:23:52.641Z START product 2026-03-27T15-23-52
2026-03-27T15:23:57.440Z END   product 2026-03-27T15-23-52 $0.0000
2026-03-27T15:25:57.449Z START marketing 2026-03-27T15-25-57
2026-03-27T15:26:02.597Z END   marketing 2026-03-27T15-25-57 $0.0000
2026-03-27T15:28:02.606Z START market 2026-03-27T15-28-02
2026-03-27T15:28:06.812Z END   market 2026-03-27T15-28-02 $0.0000
2026-03-27T15:30:06.654Z START security 2026-03-27T15-30-06
2026-03-27T15:30:10.746Z END   security 2026-03-27T15-30-06 $0.0000
2026-03-27T15:32:10.755Z START frontend 2026-03-27T15-32-10
2026-03-27T15:32:15.079Z END   frontend 2026-03-27T15-32-10 $0.0000
2026-03-27T15:34:15.089Z START backend 2026-03-27T15-34-15
2026-03-27T15:34:19.235Z END   backend 2026-03-27T15-34-15 $0.0000
2026-03-27T15:36:19.252Z START ux-ui 2026-03-27T15-36-19
2026-03-27T15:36:23.586Z END   ux-ui 2026-03-27T15-36-19 $0.0000
2026-03-27T15:38:23.595Z START product 2026-03-27T15-38-23
2026-03-27T15:38:27.705Z END   product 2026-03-27T15-38-23 $0.0000
2026-03-27T15:40:27.713Z START marketing 2026-03-27T15-40-27
2026-03-27T15:40:31.916Z END   marketing 2026-03-27T15-40-27 $0.0000
2026-03-27T15:42:31.924Z START market 2026-03-27T15-42-31
2026-03-27T15:42:36.027Z END   market 2026-03-27T15-42-31 $0.0000
2026-03-27T15:44:36.033Z START security 2026-03-27T15-44-36
2026-03-27T15:44:40.155Z END   security 2026-03-27T15-44-36 $0.0000
2026-03-27T15:46:40.334Z START frontend 2026-03-27T15-46-40
2026-03-27T15:46:44.486Z END   frontend 2026-03-27T15-46-40 $0.0000
2026-03-27T15:48:44.498Z START backend 2026-03-27T15-48-44
2026-03-27T15:48:48.741Z END   backend 2026-03-27T15-48-44 $0.0000
2026-03-27T15:50:48.750Z START ux-ui 2026-03-27T15-50-48
2026-03-27T15:50:52.807Z END   ux-ui 2026-03-27T15-50-48 $0.0000
2026-03-27T15:52:52.819Z START product 2026-03-27T15-52-52
2026-03-27T15:52:57.145Z END   product 2026-03-27T15-52-52 $0.0000
2026-03-27T15:54:57.154Z START marketing 2026-03-27T15-54-57
2026-03-27T15:55:01.231Z END   marketing 2026-03-27T15-54-57 $0.0000
2026-03-27T15:57:01.239Z START market 2026-03-27T15-57-01
2026-03-27T15:57:05.391Z END   market 2026-03-27T15-57-01 $0.0000
2026-03-27T15:59:05.399Z START security 2026-03-27T15-59-05
2026-03-27T15:59:09.612Z END   security 2026-03-27T15-59-05 $0.0000
2026-03-27T16:01:09.609Z START frontend 2026-03-27T16-01-09
2026-03-27T16:01:13.860Z END   frontend 2026-03-27T16-01-09 $0.0000
2026-03-27T16:03:13.867Z START backend 2026-03-27T16-03-13
2026-03-27T16:03:18.058Z END   backend 2026-03-27T16-03-13 $0.0000
2026-03-27T16:05:18.064Z START ux-ui 2026-03-27T16-05-18
2026-03-27T16:05:22.287Z END   ux-ui 2026-03-27T16-05-18 $0.0000
2026-03-27T16:07:22.294Z START product 2026-03-27T16-07-22
2026-03-27T16:07:26.529Z END   product 2026-03-27T16-07-22 $0.0000
2026-03-27T16:09:26.538Z START marketing 2026-03-27T16-09-26
2026-03-27T16:09:30.622Z END   marketing 2026-03-27T16-09-26 $0.0000
2026-03-27T16:11:30.629Z START market 2026-03-27T16-11-30
2026-03-27T16:11:34.860Z END   market 2026-03-27T16-11-30 $0.0000
2026-03-27T16:13:34.871Z START security 2026-03-27T16-13-34
2026-03-27T16:13:38.949Z END   security 2026-03-27T16-13-34 $0.0000
2026-03-27T16:15:38.953Z START frontend 2026-03-27T16-15-38
2026-03-27T16:15:43.057Z END   frontend 2026-03-27T16-15-38 $0.0000
2026-03-27T16:17:43.063Z START backend 2026-03-27T16-17-43
2026-03-27T16:17:47.128Z END   backend 2026-03-27T16-17-43 $0.0000
2026-03-27T16:19:47.135Z START ux-ui 2026-03-27T16-19-47
2026-03-27T16:19:51.239Z END   ux-ui 2026-03-27T16-19-47 $0.0000
2026-03-27T16:21:51.243Z START product 2026-03-27T16-21-51
2026-03-27T16:21:55.529Z END   product 2026-03-27T16-21-51 $0.0000
2026-03-27T16:23:55.534Z START marketing 2026-03-27T16-23-55
2026-03-27T16:23:59.558Z END   marketing 2026-03-27T16-23-55 $0.0000
2026-03-27T16:25:59.566Z START market 2026-03-27T16-25-59
2026-03-27T16:26:03.737Z END   market 2026-03-27T16-25-59 $0.0000
2026-03-27T16:28:03.743Z START security 2026-03-27T16-28-03
2026-03-27T16:28:07.795Z END   security 2026-03-27T16-28-03 $0.0000
2026-03-27T16:30:07.824Z START frontend 2026-03-27T16-30-07
2026-03-27T16:30:11.971Z END   frontend 2026-03-27T16-30-07 $0.0000
2026-03-27T16:32:11.993Z START backend 2026-03-27T16-32-11
2026-03-27T16:32:16.079Z END   backend 2026-03-27T16-32-11 $0.0000
2026-03-27T16:34:16.088Z START ux-ui 2026-03-27T16-34-16
2026-03-27T16:34:20.207Z END   ux-ui 2026-03-27T16-34-16 $0.0000
2026-03-27T16:36:20.219Z START product 2026-03-27T16-36-20
2026-03-27T16:36:24.405Z END   product 2026-03-27T16-36-20 $0.0000
2026-03-27T16:38:24.416Z START marketing 2026-03-27T16-38-24
2026-03-27T16:38:28.532Z END   marketing 2026-03-27T16-38-24 $0.0000
2026-03-27T16:40:28.543Z START market 2026-03-27T16-40-28
2026-03-27T16:40:32.749Z END   market 2026-03-27T16-40-28 $0.0000
2026-03-27T16:42:32.758Z START security 2026-03-27T16-42-32
2026-03-27T16:42:36.928Z END   security 2026-03-27T16-42-32 $0.0000
2026-03-27T16:44:36.937Z START frontend 2026-03-27T16-44-36
2026-03-27T16:44:41.207Z END   frontend 2026-03-27T16-44-36 $0.0000
2026-03-27T16:46:41.216Z START backend 2026-03-27T16-46-41
2026-03-27T16:46:45.247Z END   backend 2026-03-27T16-46-41 $0.0000
2026-03-27T16:48:45.256Z START ux-ui 2026-03-27T16-48-45
2026-03-27T16:48:49.363Z END   ux-ui 2026-03-27T16-48-45 $0.0000
2026-03-27T16:50:49.372Z START product 2026-03-27T16-50-49
2026-03-27T16:50:53.438Z END   product 2026-03-27T16-50-49 $0.0000
2026-03-27T16:52:53.445Z START marketing 2026-03-27T16-52-53
2026-03-27T16:52:57.499Z END   marketing 2026-03-27T16-52-53 $0.0000
2026-03-27T16:54:57.505Z START market 2026-03-27T16-54-57
2026-03-27T16:55:01.850Z END   market 2026-03-27T16-54-57 $0.0000
2026-03-27T16:57:01.860Z START security 2026-03-27T16-57-01
2026-03-27T16:57:08.024Z END   security 2026-03-27T16-57-01 $0.0000
2026-03-27T16:59:08.034Z START frontend 2026-03-27T16-59-08
2026-03-27T16:59:12.481Z END   frontend 2026-03-27T16-59-08 $0.0000
2026-03-27T17:01:12.493Z START backend 2026-03-27T17-01-12
2026-03-27T17:01:16.633Z END   backend 2026-03-27T17-01-12 $0.0000
2026-03-27T17:03:16.642Z START ux-ui 2026-03-27T17-03-16
2026-03-27T17:03:20.732Z END   ux-ui 2026-03-27T17-03-16 $0.0000
2026-03-27T17:05:20.742Z START product 2026-03-27T17-05-20
2026-03-27T17:05:24.761Z END   product 2026-03-27T17-05-20 $0.0000
2026-03-27T17:07:24.770Z START marketing 2026-03-27T17-07-24
2026-03-27T17:07:28.814Z END   marketing 2026-03-27T17-07-24 $0.0000
2026-03-27T17:09:28.819Z START market 2026-03-27T17-09-28
2026-03-27T17:09:32.854Z END   market 2026-03-27T17-09-28 $0.0000
2026-03-27T17:11:32.862Z START security 2026-03-27T17-11-32
2026-03-27T17:11:36.974Z END   security 2026-03-27T17-11-32 $0.0000
2026-03-27T17:13:36.984Z START frontend 2026-03-27T17-13-36
2026-03-27T17:13:41.401Z END   frontend 2026-03-27T17-13-36 $0.0000
2026-03-27T17:15:41.411Z START backend 2026-03-27T17-15-41
2026-03-27T17:15:45.477Z END   backend 2026-03-27T17-15-41 $0.0000
2026-03-27T17:17:45.493Z START ux-ui 2026-03-27T17-17-45
2026-03-27T17:17:49.552Z END   ux-ui 2026-03-27T17-17-45 $0.0000
2026-03-27T17:19:49.563Z START product 2026-03-27T17-19-49
2026-03-27T17:19:53.611Z END   product 2026-03-27T17-19-49 $0.0000
2026-03-27T17:21:53.621Z START marketing 2026-03-27T17-21-53
2026-03-27T17:21:57.705Z END   marketing 2026-03-27T17-21-53 $0.0000
2026-03-27T17:23:57.715Z START market 2026-03-27T17-23-57
2026-03-27T17:24:01.863Z END   market 2026-03-27T17-23-57 $0.0000
2026-03-27T17:26:01.875Z START security 2026-03-27T17-26-01
2026-03-27T17:26:05.984Z END   security 2026-03-27T17-26-01 $0.0000
2026-03-27T17:28:05.995Z START frontend 2026-03-27T17-28-05
2026-03-27T17:28:10.111Z END   frontend 2026-03-27T17-28-05 $0.0000
2026-03-27T17:30:10.123Z START backend 2026-03-27T17-30-10
2026-03-27T17:30:15.565Z END   backend 2026-03-27T17-30-10 $0.0000
2026-03-27T17:32:15.577Z START ux-ui 2026-03-27T17-32-15
2026-03-27T17:32:19.732Z END   ux-ui 2026-03-27T17-32-15 $0.0000
2026-03-27T17:34:19.742Z START product 2026-03-27T17-34-19
2026-03-27T17:34:23.840Z END   product 2026-03-27T17-34-19 $0.0000
2026-03-27T17:36:23.652Z START marketing 2026-03-27T17-36-23
2026-03-27T17:36:28.051Z END   marketing 2026-03-27T17-36-23 $0.0000
2026-03-27T17:38:28.060Z START market 2026-03-27T17-38-28
2026-03-27T17:38:32.492Z END   market 2026-03-27T17-38-28 $0.0000
2026-03-27T17:40:32.501Z START security 2026-03-27T17-40-32
2026-03-27T17:40:36.632Z END   security 2026-03-27T17-40-32 $0.0000
2026-03-27T17:42:36.642Z START frontend 2026-03-27T17-42-36
2026-03-27T17:42:41.116Z END   frontend 2026-03-27T17-42-36 $0.0000
2026-03-27T17:44:41.122Z START backend 2026-03-27T17-44-41
2026-03-27T17:44:45.203Z END   backend 2026-03-27T17-44-41 $0.0000
2026-03-27T17:46:45.218Z START ux-ui 2026-03-27T17-46-45
2026-03-27T17:46:49.340Z END   ux-ui 2026-03-27T17-46-45 $0.0000
2026-03-27T17:48:49.349Z START product 2026-03-27T17-48-49
2026-03-27T17:48:53.441Z END   product 2026-03-27T17-48-49 $0.0000
2026-03-27T17:50:53.462Z START marketing 2026-03-27T17-50-53
2026-03-27T17:50:57.618Z END   marketing 2026-03-27T17-50-53 $0.0000
2026-03-27T17:52:57.631Z START market 2026-03-27T17-52-57
2026-03-27T17:53:01.865Z END   market 2026-03-27T17-52-57 $0.0000
2026-03-27T17:55:01.874Z START security 2026-03-27T17-55-01
2026-03-27T17:55:06.241Z END   security 2026-03-27T17-55-01 $0.0000
2026-03-27T17:57:06.252Z START frontend 2026-03-27T17-57-06
2026-03-27T17:57:10.352Z END   frontend 2026-03-27T17-57-06 $0.0000
2026-03-27T17:59:10.363Z START backend 2026-03-27T17-59-10
2026-03-27T17:59:14.535Z END   backend 2026-03-27T17-59-10 $0.0000
2026-03-27T18:01:14.547Z START ux-ui 2026-03-27T18-01-14
2026-03-27T18:03:53.432Z END   ux-ui 2026-03-27T18-01-14 $0.3508
2026-03-27T18:05:53.443Z START product 2026-03-27T18-05-53
2026-03-27T18:08:19.390Z END   product 2026-03-27T18-05-53 $0.4388
