[2026-06-05T18:00:05.443Z] Cortex D1 백업 시작...
  ✓ 2026-05: 31 days
  ✓ 2026-06: 31 days
  ✓ 2026-07: 29 days
  ✓ 2026-08: 5 days
  ✓ standing-orders
  ✓ day-frames
  ✓ vision
  → 저장: /Users/noir/Projects/a-team/scripts/cortex-dashboard/backups/2026-06-05.json (568KB)
[완료] 백업 1개 보유 (최대 14일)
[2026-06-06T18:01:42.947Z] Cortex D1 백업 시작...
  ✓ 2026-05: 31 days
  ✓ 2026-06: 31 days
  ✓ 2026-07: 29 days
  ✓ 2026-08: 5 days
  ✓ standing-orders
  ✓ day-frames
  ✓ vision
  → 저장: /Users/noir/Projects/a-team/scripts/cortex-dashboard/backups/2026-06-06.json (640KB)
[완료] 백업 2개 보유 (최대 14일)
[2026-06-07T18:00:05.728Z] Cortex D1 백업 시작...
  ✓ 2026-05: 31 days
  ✓ 2026-06: 31 days
  ✓ 2026-07: 29 days
  ✓ 2026-08: 5 days
  ✓ standing-orders
  ✓ day-frames
  ✓ vision
  → 저장: /Users/noir/Projects/a-team/scripts/cortex-dashboard/backups/2026-06-07.json (753KB)
[완료] 백업 3개 보유 (최대 14일)
